<?xml version="1.0" encoding="UTF-8"?>
<testng-results ignored="0" total="1" passed="1" failed="0" skipped="0">
  <reporter-output>
  </reporter-output>
  <suite started-at="2021-10-21T20:24:21 BST" name="Default suite" finished-at="2021-10-21T20:24:47 BST" duration-ms="25188">
    <groups>
      <group name="cucumber">
        <method signature="AbstractTestNGCucumberTests.runScenario(io.cucumber.testng.PickleWrapper,io.cucumber.testng.FeatureWrapper)[pri:0, instance:uk.brentwood.test.ganesh.testRunners.TestNGTest@55634720]" name="runScenario" class="io.cucumber.testng.AbstractTestNGCucumberTests"/>
      </group> <!-- cucumber -->
    </groups>
    <test started-at="2021-10-21T20:24:21 BST" name="Default test" finished-at="2021-10-21T20:24:47 BST" duration-ms="25188">
      <class name="uk.brentwood.test.ganesh.testRunners.TestNGTest">
        <test-method is-config="true" signature="setUpClass()[pri:0, instance:uk.brentwood.test.ganesh.testRunners.TestNGTest@55634720]" started-at="2021-10-21T20:24:21 BST" name="setUpClass" finished-at="2021-10-21T20:24:22 BST" duration-ms="692" status="PASS">
          <reporter-output>
          </reporter-output>
        </test-method> <!-- setUpClass -->
        <test-method signature="runScenario(io.cucumber.testng.PickleWrapper,io.cucumber.testng.FeatureWrapper)[pri:0, instance:uk.brentwood.test.ganesh.testRunners.TestNGTest@55634720]" started-at="2021-10-21T20:24:22 BST" name="runScenario" description="Runs Cucumber Scenarios" data-provider="scenarios" finished-at="2021-10-21T20:24:42 BST" duration-ms="19651" status="PASS">
          <params>
            <param index="0">
              <value>
                <![CDATA["Verify selected wish list and lowest price product in cart"]]>
              </value>
            </param>
            <param index="1">
              <value>
                <![CDATA["Optional[Wish list and Cart Verification]"]]>
              </value>
            </param>
          </params>
          <reporter-output>
          </reporter-output>
        </test-method> <!-- runScenario -->
        <test-method is-config="true" signature="tearDownClass()[pri:0, instance:uk.brentwood.test.ganesh.testRunners.TestNGTest@55634720]" started-at="2021-10-21T20:24:42 BST" name="tearDownClass" finished-at="2021-10-21T20:24:47 BST" duration-ms="4798" status="PASS">
          <reporter-output>
          </reporter-output>
        </test-method> <!-- tearDownClass -->
      </class> <!-- uk.brentwood.test.ganesh.testRunners.TestNGTest -->
    </test> <!-- Default test -->
  </suite> <!-- Default suite -->
</testng-results>
